#
# There is insufficient memory for the Java Runtime Environment to continue.
# Native memory allocation (malloc) failed to allocate 1048576 bytes for AllocateHeap
# Possible reasons:
#   The system is out of physical RAM or swap space
#   The process is running with CompressedOops enabled, and the Java Heap may be blocking the growth of the native heap
# Possible solutions:
#   Reduce memory load on the system
#   Increase physical memory or swap space
#   Check if swap backing store is full
#   Decrease Java heap size (-Xmx/-Xms)
#   Decrease number of Java threads
#   Decrease Java thread stack sizes (-Xss)
#   Set larger code cache with -XX:ReservedCodeCacheSize=
#   JVM is running with Unscaled Compressed Oops mode in which the Java heap is
#     placed in the first 4GB address space. The Java Heap base address is the
#     maximum limit for the native heap growth. Please use -XX:HeapBaseMinAddress
#     to set the Java Heap base and to place the Java Heap above 4GB virtual address.
# This output file may be truncated or incomplete.
#
#  Out of Memory Error (memory/allocation.inline.hpp:61), pid=12916, tid=0x0000000000003e24
#
# JRE version:  (8.0_301-b09) (build )
# Java VM: Java HotSpot(TM) 64-Bit Server VM (25.301-b09 mixed mode windows-amd64 compressed oops)
# Failed to write core dump. Minidumps are not enabled by default on client versions of Windows
#

---------------  T H R E A D  ---------------

Current thread (0x000001e32caa9000):  JavaThread "Unknown thread" [_thread_in_vm, id=15908, stack(0x0000007c0af00000,0x0000007c0b000000)]

Stack: [0x0000007c0af00000,0x0000007c0b000000]
Native frames: (J=compiled Java code, j=interpreted, Vv=VM code, C=native code)
V  [jvm.dll+0x32ed79]
V  [jvm.dll+0x275722]
V  [jvm.dll+0x2763cd]
V  [jvm.dll+0x26ce05]
V  [jvm.dll+0x509d]
V  [jvm.dll+0x3d3423]
V  [jvm.dll+0x3d3e38]
V  [jvm.dll+0xfcdcf]
V  [jvm.dll+0x20a0bb]
V  [jvm.dll+0x238ae7]
V  [jvm.dll+0x162876]
C  [java.exe+0x2312]
C  [java.exe+0x15f54]
C  [KERNEL32.DLL+0x17034]
C  [ntdll.dll+0x52651]


---------------  P R O C E S S  ---------------

Java Threads: ( => current thread )

Other Threads:

=>0x000001e32caa9000 (exited) JavaThread "Unknown thread" [_thread_in_vm, id=15908, stack(0x0000007c0af00000,0x0000007c0b000000)]

VM state:not at safepoint (normal execution)

VM Mutex/Monitor currently owned by a thread: None

heap address: 0x00000000fc000000, size: 64 MB, Compressed Oops mode: 32-bit
Narrow klass base: 0x0000000000000000, Narrow klass shift: 3
Compressed class space size: 1073741824 Address: 0x0000000100000000

Heap:
 PSYoungGen      total 18944K, used 327K [0x00000000feb00000, 0x0000000100000000, 0x0000000100000000)
  eden space 16384K, 2% used [0x00000000feb00000,0x00000000feb51ec8,0x00000000ffb00000)
  from space 2560K, 0% used [0x00000000ffd80000,0x00000000ffd80000,0x0000000100000000)
  to   space 2560K, 0% used [0x00000000ffb00000,0x00000000ffb00000,0x00000000ffd80000)
 ParOldGen       total 44032K, used 0K [0x00000000fc000000, 0x00000000feb00000, 0x00000000feb00000)
  object space 44032K, 0% used [0x00000000fc000000,0x00000000fc000000,0x00000000feb00000)
 Metaspace       used 778K, capacity 4480K, committed 4480K, reserved 1056768K
  class space    used 76K, capacity 384K, committed 384K, reserved 1048576K

Card table byte_map: [0x000001e33d890000,0x000001e33d8c0000] byte_map_base: 0x000001e33d0b0000

Marking Bits: (ParMarkBitMap*) 0x000000005cb07fe0
 Begin Bits: [0x000001e33d8e0000, 0x000001e33d9e0000)
 End Bits:   [0x000001e33d9e0000, 0x000001e33dae0000)

Polling page: 0x000001e32e4a0000

CodeCache: size=245760Kb used=328Kb max_used=328Kb free=245431Kb
 bounds [0x000001e32e4d0000, 0x000001e32e740000, 0x000001e33d4d0000]
 total_blobs=58 nmethods=0 adapters=38
 compilation: enabled

Compilation events (0 events):
No events

GC Heap History (0 events):
No events

Deoptimization events (0 events):
No events

Classes redefined (0 events):
No events

Internal exceptions (0 events):
No events

Events (10 events):
Event: 0.117 loading class java/lang/Short
Event: 0.117 loading class java/lang/Short done
Event: 0.118 loading class java/lang/Integer
Event: 0.118 loading class java/lang/Integer done
Event: 0.118 loading class java/lang/Long
Event: 0.119 loading class java/lang/Long done
Event: 0.121 loading class java/lang/NullPointerException
Event: 0.121 loading class java/lang/NullPointerException done
Event: 0.121 loading class java/lang/ArithmeticException
Event: 0.121 loading class java/lang/ArithmeticException done


Dynamic libraries:
0x00007ff68b280000 - 0x00007ff68b2c7000 	C:\Program Files\Java\jdk1.8.0_301\bin\java.exe
0x00007ffce34d0000 - 0x00007ffce36c5000 	C:\WINDOWS\SYSTEM32\ntdll.dll
0x00007ffce1fc0000 - 0x00007ffce207d000 	C:\WINDOWS\System32\KERNEL32.DLL
0x00007ffce0ec0000 - 0x00007ffce1189000 	C:\WINDOWS\System32\KERNELBASE.dll
0x00007ffce1df0000 - 0x00007ffce1e9c000 	C:\WINDOWS\System32\ADVAPI32.dll
0x00007ffce1af0000 - 0x00007ffce1b8e000 	C:\WINDOWS\System32\msvcrt.dll
0x00007ffce20c0000 - 0x00007ffce215b000 	C:\WINDOWS\System32\sechost.dll
0x00007ffce1530000 - 0x00007ffce165a000 	C:\WINDOWS\System32\RPCRT4.dll
0x00007ffce18f0000 - 0x00007ffce1a90000 	C:\WINDOWS\System32\USER32.dll
0x00007ffce0e90000 - 0x00007ffce0eb2000 	C:\WINDOWS\System32\win32u.dll
0x00007ffce2b40000 - 0x00007ffce2b6a000 	C:\WINDOWS\System32\GDI32.dll
0x00007ffce1190000 - 0x00007ffce129b000 	C:\WINDOWS\System32\gdi32full.dll
0x00007ffce0d00000 - 0x00007ffce0d9d000 	C:\WINDOWS\System32\msvcp_win.dll
0x00007ffce12d0000 - 0x00007ffce13d0000 	C:\WINDOWS\System32\ucrtbase.dll
0x00007ffccdfa0000 - 0x00007ffcce23a000 	C:\WINDOWS\WinSxS\amd64_microsoft.windows.common-controls_6595b64144ccf1df_6.0.19041.1110_none_60b5254171f9507e\COMCTL32.dll
0x00007ffce2090000 - 0x00007ffce20c0000 	C:\WINDOWS\System32\IMM32.DLL
0x00007ffcdc910000 - 0x00007ffcdc925000 	C:\Program Files\Java\jdk1.8.0_301\jre\bin\vcruntime140.dll
0x00007ffca2130000 - 0x00007ffca21cb000 	C:\Program Files\Java\jdk1.8.0_301\jre\bin\msvcp140.dll
0x000000005c320000 - 0x000000005cb80000 	C:\Program Files\Java\jdk1.8.0_301\jre\bin\server\jvm.dll
0x00007ffce2080000 - 0x00007ffce2088000 	C:\WINDOWS\System32\PSAPI.DLL
0x00007ffcdc780000 - 0x00007ffcdc789000 	C:\WINDOWS\SYSTEM32\WSOCK32.dll
0x00007ffce1c20000 - 0x00007ffce1c8b000 	C:\WINDOWS\System32\WS2_32.dll
0x00007ffcce3f0000 - 0x00007ffcce417000 	C:\WINDOWS\SYSTEM32\WINMM.dll
0x00007ffcdaca0000 - 0x00007ffcdacaa000 	C:\WINDOWS\SYSTEM32\VERSION.dll
0x00007ffcdeb10000 - 0x00007ffcdeb22000 	C:\WINDOWS\SYSTEM32\kernel.appcore.dll
0x00007ffcdc690000 - 0x00007ffcdc6a0000 	C:\Program Files\Java\jdk1.8.0_301\jre\bin\verify.dll
0x00007ffcd95f0000 - 0x00007ffcd961b000 	C:\Program Files\Java\jdk1.8.0_301\jre\bin\java.dll
0x00007ffcdba40000 - 0x00007ffcdba58000 	C:\Program Files\Java\jdk1.8.0_301\jre\bin\zip.dll
0x00007ffccca10000 - 0x00007ffcccbf4000 	C:\WINDOWS\SYSTEM32\dbghelp.dll
0x00007ffce0da0000 - 0x00007ffce0e23000 	C:\WINDOWS\System32\bcryptPrimitives.dll

VM Arguments:
jvm_args: -Xmx64m -Xms64m -Dorg.gradle.appname=gradlew 
java_command: org.gradle.wrapper.GradleWrapperMain app:installDebug -PreactNativeDevServerPort=8081
java_class_path (initial): D:\TheCoffeHouse\android\\gradle\wrapper\gradle-wrapper.jar
Launcher Type: SUN_STANDARD

Environment Variables:
JAVA_HOME=C:\Program Files\Java\jdk1.8.0_301
CLASSPATH=D:\TheCoffeHouse\android\\gradle\wrapper\gradle-wrapper.jar
PATH=D:\TheCoffeHouse\android\node_modules\.bin;D:\TheCoffeHouse\node_modules\.bin;D:\node_modules\.bin;C:\Program Files\nodejs;D:\TheCoffeHouse\node_modules\.bin;C:\Program Files (x86)\Common Files\Oracle\Java\javapath;C:\ProgramData\Oracle\Java\javapath;C:\Windows\system32;C:\Windows;C:\Windows\System32\Wbem;C:\Windows\System32\WindowsPowerShell\v1.0\;C:\Windows\System32\OpenSSH\;C:\Program Files (x86)\NVIDIA Corporation\PhysX\Common;C:\Program Files\NVIDIA Corporation\NVIDIA NvDLISR;C:\Program Files (x86)\Dev-Cpp\MinGW64\bin;C:\Program Files\Microsoft SQL Server\Client SDK\ODBC\170\Tools\Binn\;C:\Program Files (x86)\Microsoft SQL Server\150\Tools\Binn\;C:\Program Files\Microsoft SQL Server\150\Tools\Binn\;C:\Program Files\Microsoft SQL Server\150\DTS\Binn\;C:\Program Files (x86)\Microsoft SQL Server\110\Tools\Binn\;C:\Program Files\Microsoft SQL Server\110\Tools\Binn\;C:\Program Files\Microsoft SQL Server\110\DTS\Binn\;C:\Program Files (x86)\Microsoft SQL Server\110\Tools\Binn\ManagementStudio\;C:\Program Files (x86)\Microsoft Visual Studio 10.0\Common7\IDE\PrivateAssemblies\;C:\Program Files (x86)\Microsoft SQL Server\110\DTS\Binn\;C:\WINDOWS\system32;C:\WINDOWS;C:\WINDOWS\System32\Wbem;C:\WINDOWS\System32\WindowsPowerShell\v1.0\;C:\WINDOWS\System32\OpenSSH\;C:\Program Files\Microsoft SQL Server\130\Tools\Binn\;C:\Program Files\dotnet\;D:\Git\cmd;C:\Users\CongTung\AppData\Local\Android\Sdk\platform-tools;C:\Program Files\nodejs\;C:\Users\CongTung\AppData\Local\Android\Sdk\platforms;C:\Users\CongTung\python\Scripts\;C:\Users\CongTung\python\;C:\Users\CongTung\AppData\Local\Microsoft\WindowsApps;C:\Users\CongTung\AppData\Local\Programs\Microsoft VS Code\bin;C:\Users\CongTung\.dotnet\tools;C:\Users\CongTung\AppData\Local\GitHubDesktop\bin;Sdk\platform-tools;C:\Users\CongTung\AppData\Roaming\npm;C:\Program Files (x86)\Sophos\Sophos SSL VPN Client\bin
USERNAME=CongTung
OS=Windows_NT
PROCESSOR_IDENTIFIER=Intel64 Family 6 Model 158 Stepping 10, GenuineIntel



---------------  S Y S T E M  ---------------

OS: Windows 10.0 , 64 bit Build 19041 (10.0.19041.1151)

CPU:total 8 (initial active 8) (4 cores per cpu, 2 threads per core) family 6 model 158 stepping 10, cmov, cx8, fxsr, mmx, sse, sse2, sse3, ssse3, sse4.1, sse4.2, popcnt, avx, avx2, aes, clmul, erms, 3dnowpref, lzcnt, ht, tsc, tscinvbit, bmi1, bmi2, adx

Memory: 4k page, physical 8227444k(450516k free), swap 16616052k(2028k free)

vm_info: Java HotSpot(TM) 64-Bit Server VM (25.301-b09) for windows-amd64 JRE (1.8.0_301-b09), built on Jun  9 2021 06:46:21 by "java_re" with MS VC++ 15.9 (VS2017)

time: Thu Sep  2 21:39:09 2021
timezone: SE Asia Standard Time
elapsed time: 0.185983 seconds (0d 0h 0m 0s)

